-------------------------------------------------------------------------------
Test set: com.fabio.api.creditcontroller.CreditControllerApplicationTests
-------------------------------------------------------------------------------
Tests run: 1, Failures: 0, Errors: 1, Skipped: 0, Time elapsed: 1.137 s <<< FAILURE! - in com.fabio.api.creditcontroller.CreditControllerApplicationTests
initializationError(com.fabio.api.creditcontroller.CreditControllerApplicationTests)  Time elapsed: 0 s  <<< ERROR!
java.lang.IllegalStateException: Unable to find a @SpringBootConfiguration, you need to use @ContextConfiguration or @SpringBootTest(classes=...) with your test

