<?xml version="1.0" encoding="UTF-8"?>
<testsuite xmlns:xsi="http://www.w3.org/2001/XMLSchema-instance" xsi:noNamespaceSchemaLocation="https://maven.apache.org/surefire/maven-surefire-plugin/xsd/surefire-test-report.xsd" name="com.fabio.api.creditcontroller.CreditControllerApplicationTests" time="1.137" tests="1" errors="1" skipped="0" failures="0">
  <properties>
[...]
</properties>
  <testcase name="initializationError" classname="com.fabio.api.creditcontroller.CreditControllerApplicationTests" time="0">
    <error message="Unable to find a @SpringBootConfiguration, you need to use @ContextConfiguration or @SpringBootTest(classes=...) with your test" type="java.lang.IllegalStateException">java.lang.IllegalStateException: Unable to find a @SpringBootConfiguration, you need to use @ContextConfiguration or @SpringBootTest(classes=...) with your test
</error>
    <system-out><![CDATA[01:17:57.123 [main] DEBUG org.springframework.test.context.junit4.SpringJUnit4ClassRunner - SpringJUnit4ClassRunner constructor called with [class com.fabio.api.creditcontroller.CreditControllerApplicationTests]
01:17:57.139 [main] DEBUG org.springframework.test.context.BootstrapUtils - Instantiating CacheAwareContextLoaderDelegate from class [org.springframework.test.context.cache.DefaultCacheAwareContextLoaderDelegate]
01:17:57.154 [main] DEBUG org.springframework.test.context.BootstrapUtils - Instantiating BootstrapContext using constructor [public org.springframework.test.context.support.DefaultBootstrapContext(java.lang.Class,org.springframework.test.context.CacheAwareContextLoaderDelegate)]
01:17:57.186 [main] DEBUG org.springframework.test.context.BootstrapUtils - Instantiating TestContextBootstrapper for test class [com.fabio.api.creditcontroller.CreditControllerApplicationTests] from class [org.springframework.boot.test.context.SpringBootTestContextBootstrapper]
01:17:57.264 [main] INFO org.springframework.boot.test.context.SpringBootTestContextBootstrapper - Neither @ContextConfiguration nor @ContextHierarchy found for test class [com.fabio.api.creditcontroller.CreditControllerApplicationTests], using SpringBootContextLoader
01:17:57.279 [main] DEBUG org.springframework.test.context.support.AbstractContextLoader - Did not detect default resource location for test class [com.fabio.api.creditcontroller.CreditControllerApplicationTests]: class path resource [com/fabio/api/creditcontroller/CreditControllerApplicationTests-context.xml] does not exist
01:17:57.279 [main] DEBUG org.springframework.test.context.support.AbstractContextLoader - Did not detect default resource location for test class [com.fabio.api.creditcontroller.CreditControllerApplicationTests]: class path resource [com/fabio/api/creditcontroller/CreditControllerApplicationTestsContext.groovy] does not exist
01:17:57.279 [main] INFO org.springframework.test.context.support.AbstractContextLoader - Could not detect default resource locations for test class [com.fabio.api.creditcontroller.CreditControllerApplicationTests]: no resource found for suffixes {-context.xml, Context.groovy}.
01:17:57.279 [main] INFO org.springframework.test.context.support.AnnotationConfigContextLoaderUtils - Could not detect default configuration classes for test class [com.fabio.api.creditcontroller.CreditControllerApplicationTests]: CreditControllerApplicationTests does not declare any static, non-private, non-final, nested classes annotated with @Configuration.
01:17:57.498 [main] DEBUG org.springframework.test.context.support.ActiveProfilesUtils - Could not find an 'annotation declaring class' for annotation type [org.springframework.test.context.ActiveProfiles] and class [com.fabio.api.creditcontroller.CreditControllerApplicationTests]
]]></system-out>
  </testcase>
</testsuite>