-------------------------------------------------------------------------------
Test set: com.fabio.api.creditproposalengine.CreditProposalEngineApplicationTests
-------------------------------------------------------------------------------
Tests run: 1, Failures: 0, Errors: 1, Skipped: 0, Time elapsed: 1.086 s <<< FAILURE! - in com.fabio.api.creditproposalengine.CreditProposalEngineApplicationTests
initializationError(com.fabio.api.creditproposalengine.CreditProposalEngineApplicationTests)  Time elapsed: 0.016 s  <<< ERROR!
java.lang.IllegalStateException: Unable to find a @SpringBootConfiguration, you need to use @ContextConfiguration or @SpringBootTest(classes=...) with your test

